debug message
start my test
0    [main] DEBUG com.example.App  - debug message
15   [main] INFO  com.example.App  - start my test
0    [main] DEBUG com.example.App  - debug message
26   [main] INFO  com.example.App  - start my test
0    [main] DEBUG com.example.App  - debug message
10   [main] INFO  com.example.App  - start my test
10   [main] ERROR com.example.App  - error error?????
1    [main] INFO  com.example.App  - start my test
25   [main] ERROR com.example.App  - error error?????
0    [main] DEBUG com.example.App  - debug message
3    [main] INFO  com.example.App  - start my test
3    [main] ERROR com.example.App  - error error?????
0    [main] INFO  com.example.App  - start my test
34   [main] ERROR com.example.App  - error error?????
35   [main] FATAL com.example.App  - fafaf
35   [main] WARN  com.example.App  - fffff
0    [main] ERROR com.example.App  - error error?????
2    [main] FATAL com.example.App  - fafaf
0    [main] ERROR com.example.App  - error error?????
95   [main] FATAL com.example.App  - fafaf
0    [main] ERROR com.example.App  - error error?????
92   [main] FATAL com.example.App  - fafaf
0    [main] ERROR com.example.App  - error error?????
60   [main] FATAL com.example.App  - fafaf
0    [main] ERROR com.example.App  - error error?????
13   [main] FATAL com.example.App  - fafaf
0    [main] ERROR com.example.App  - error error?????
79   [main] FATAL com.example.App  - fafaf
0    [main] INFO  com.example.App  - start my test
77   [main] ERROR com.example.App  - error error?????
92   [main] FATAL com.example.App  - fafaf
93   [main] WARN  com.example.App  - fffff
0    [main] INFO  com.example.App  - start my test
96   [main] ERROR com.example.App  - error error?????
97   [main] FATAL com.example.App  - fafaf
98   [main] WARN  com.example.App  - fffff
